Debug: KiotaBuilder kiota version 1.12.0
Debug: KiotaBuilder cache file C:\Users\anomondi\AppData\Local\Temp\kiota\cache\generation\762C16CD3C2A91C1F851778C3D0CD4B6CCAED0F3821C5520806D251AC1EEFB2A\openapi.yaml is up to date and clearCache is False, using it
Debug: KiotaBuilder step 1 - reading the stream - took 00:00:00.0383655
Warning: KiotaBuilder OpenAPI warning: #/components/schemas/ApiVersion/properties/swaggerUrl - The format url is not supported by Kiota for the type string and the string type will be used.
Warning: KiotaBuilder OpenAPI warning: #/components/schemas/ApiVersion/properties/swaggerYamlUrl - The format url is not supported by Kiota for the type string and the string type will be used.
Warning: KiotaBuilder OpenAPI warning: #/components/schemas/ApiVersion/properties/link - The format url is not supported by Kiota for the type string and the string type will be used.
Debug: KiotaBuilder step 2 - parsing the document - took 00:00:00.2389856
Debug: KiotaBuilder step 3 - updating generation configuration from kiota extension - took 00:00:00.0002284
Debug: KiotaBuilder step 4 - checking whether the output should be updated - took 00:00:00.0508766
Debug: KiotaBuilder step 5 - filtering API paths with patterns - took 00:00:00.0137037
Debug: KiotaBuilder step 6 - create uri space - took 00:00:00.0162021
Debug: KiotaBuilder InitializeInheritanceIndex 00:00:00.0053099
Debug: KiotaBuilder CreateRequestBuilderClass 00:00:00
Debug: KiotaBuilder MapTypeDefinitions 00:00:00.0166552
Debug: KiotaBuilder TrimInheritedModels 00:00:00
Debug: KiotaBuilder CleanUpInternalState 00:00:00
Debug: KiotaBuilder step 7 - create source model - took 00:00:00.1437238
Debug: KiotaBuilder 59ms: Language refinement applied
Debug: KiotaBuilder step 8 - refine by language - took 00:00:00.0627404
Debug: KiotaBuilder step 9 - writing files - took 00:00:00.1144410
Debug: KiotaBuilder step 10 - writing lock file - took 00:00:00.0073687
Debug: KiotaBuilder Api manifest path: C:\Users\anomondi\source\repos\kiota\src\kiota\apimanifest.json
